<?xml version="1.0" encoding="UTF-8"?>
<coverage generated="1600416279977" clover="3.2.0">
  <project timestamp="1600416279977" name="All files">
    <metrics statements="21" coveredstatements="21" conditionals="14" coveredconditionals="13" methods="5" coveredmethods="5" elements="40" coveredelements="39" complexity="0" loc="21" ncloc="21" packages="1" files="1" classes="1"/>
    <file name="index.ts" path="/Users/ci-dingchen/Documents/match-hightlight-texts/src/index.ts">
      <metrics statements="21" coveredstatements="21" conditionals="14" coveredconditionals="13" methods="5" coveredmethods="5"/>
      <line num="18" count="1" type="cond" truecount="1" falsecount="0"/>
      <line num="19" count="8" type="stmt"/>
      <line num="27" count="1" type="cond" truecount="0" falsecount="1"/>
      <line num="28" count="24" type="cond" truecount="2" falsecount="0"/>
      <line num="29" count="3" type="stmt"/>
      <line num="32" count="21" type="stmt"/>
      <line num="34" count="21" type="cond" truecount="4" falsecount="0"/>
      <line num="35" count="11" type="stmt"/>
      <line num="38" count="10" type="stmt"/>
      <line num="40" count="10" type="cond" truecount="2" falsecount="0"/>
      <line num="41" count="8" type="stmt"/>
      <line num="44" count="10" type="stmt"/>
      <line num="45" count="10" type="stmt"/>
      <line num="46" count="10" type="stmt"/>
      <line num="49" count="16" type="stmt"/>
      <line num="50" count="16" type="cond" truecount="2" falsecount="0"/>
      <line num="51" count="10" type="stmt"/>
      <line num="54" count="6" type="stmt"/>
      <line num="55" count="6" type="stmt"/>
      <line num="58" count="16" type="stmt"/>
      <line num="59" count="16" type="stmt"/>
    </file>
  </project>
</coverage>
