{"/Users/ci-dingchen/Documents/match-hightlight-texts/src/index.ts": {"path":"/Users/ci-dingchen/Documents/match-hightlight-texts/src/index.ts","statementMap":{"0":{"start":{"line":18,"column":34},"end":{"line":25,"column":3}},"1":{"start":{"line":19,"column":2},"end":{"line":25,"column":3}},"2":{"start":{"line":27,"column":26},"end":{"line":61,"column":1}},"3":{"start":{"line":28,"column":2},"end":{"line":30,"column":3}},"4":{"start":{"line":29,"column":4},"end":{"line":29,"column":14}},"5":{"start":{"line":32,"column":16},"end":{"line":32,"column":33}},"6":{"start":{"line":34,"column":2},"end":{"line":36,"column":3}},"7":{"start":{"line":35,"column":4},"end":{"line":35,"column":46}},"8":{"start":{"line":38,"column":21},"end":{"line":38,"column":26}},"9":{"start":{"line":40,"column":2},"end":{"line":42,"column":3}},"10":{"start":{"line":41,"column":4},"end":{"line":41,"column":25}},"11":{"start":{"line":44,"column":17},"end":{"line":44,"column":55}},"12":{"start":{"line":45,"column":18},"end":{"line":45,"column":72}},"13":{"start":{"line":45,"column":63},"end":{"line":45,"column":71}},"14":{"start":{"line":46,"column":2},"end":{"line":60,"column":11}},"15":{"start":{"line":49,"column":21},"end":{"line":49,"column":57}},"16":{"start":{"line":50,"column":6},"end":{"line":52,"column":7}},"17":{"start":{"line":51,"column":8},"end":{"line":51,"column":22}},"18":{"start":{"line":54,"column":6},"end":{"line":54,"column":61}},"19":{"start":{"line":55,"column":6},"end":{"line":55,"column":20}},"20":{"start":{"line":58,"column":6},"end":{"line":58,"column":34}},"21":{"start":{"line":59,"column":6},"end":{"line":59,"column":24}}},"fnMap":{"0":{"name":"(anonymous_0)","decl":{"start":{"line":18,"column":34},"end":{"line":18,"column":35}},"loc":{"start":{"line":19,"column":2},"end":{"line":25,"column":3}},"line":19},"1":{"name":"(anonymous_1)","decl":{"start":{"line":27,"column":26},"end":{"line":27,"column":27}},"loc":{"start":{"line":27,"column":61},"end":{"line":61,"column":1}},"line":27},"2":{"name":"(anonymous_2)","decl":{"start":{"line":45,"column":52},"end":{"line":45,"column":53}},"loc":{"start":{"line":45,"column":63},"end":{"line":45,"column":71}},"line":45},"3":{"name":"(anonymous_3)","decl":{"start":{"line":48,"column":9},"end":{"line":48,"column":10}},"loc":{"start":{"line":48,"column":37},"end":{"line":56,"column":5}},"line":48},"4":{"name":"(anonymous_4)","decl":{"start":{"line":57,"column":12},"end":{"line":57,"column":13}},"loc":{"start":{"line":57,"column":37},"end":{"line":60,"column":5}},"line":57}},"branchMap":{"0":{"loc":{"start":{"line":18,"column":48},"end":{"line":18,"column":60}},"type":"default-arg","locations":[{"start":{"line":18,"column":58},"end":{"line":18,"column":60}}],"line":18},"1":{"loc":{"start":{"line":23,"column":13},"end":{"line":23,"column":56}},"type":"cond-expr","locations":[{"start":{"line":23,"column":33},"end":{"line":23,"column":50}},{"start":{"line":23,"column":53},"end":{"line":23,"column":56}}],"line":23},"2":{"loc":{"start":{"line":27,"column":44},"end":{"line":27,"column":56}},"type":"default-arg","locations":[{"start":{"line":27,"column":54},"end":{"line":27,"column":56}}],"line":27},"3":{"loc":{"start":{"line":28,"column":2},"end":{"line":30,"column":3}},"type":"if","locations":[{"start":{"line":28,"column":2},"end":{"line":30,"column":3}},{"start":{"line":28,"column":2},"end":{"line":30,"column":3}}],"line":28},"4":{"loc":{"start":{"line":34,"column":2},"end":{"line":36,"column":3}},"type":"if","locations":[{"start":{"line":34,"column":2},"end":{"line":36,"column":3}},{"start":{"line":34,"column":2},"end":{"line":36,"column":3}}],"line":34},"5":{"loc":{"start":{"line":34,"column":6},"end":{"line":34,"column":41}},"type":"binary-expr","locations":[{"start":{"line":34,"column":6},"end":{"line":34,"column":25}},{"start":{"line":34,"column":29},"end":{"line":34,"column":41}}],"line":34},"6":{"loc":{"start":{"line":40,"column":2},"end":{"line":42,"column":3}},"type":"if","locations":[{"start":{"line":40,"column":2},"end":{"line":42,"column":3}},{"start":{"line":40,"column":2},"end":{"line":42,"column":3}}],"line":40},"7":{"loc":{"start":{"line":50,"column":6},"end":{"line":52,"column":7}},"type":"if","locations":[{"start":{"line":50,"column":6},"end":{"line":52,"column":7}},{"start":{"line":50,"column":6},"end":{"line":52,"column":7}}],"line":50}},"s":{"0":1,"1":8,"2":1,"3":24,"4":3,"5":21,"6":21,"7":11,"8":10,"9":10,"10":8,"11":10,"12":10,"13":6,"14":10,"15":16,"16":16,"17":10,"18":6,"19":6,"20":16,"21":16},"f":{"0":8,"1":24,"2":6,"3":16,"4":16},"b":{"0":[6],"1":[1,7],"2":[0],"3":[3,21],"4":[11,10],"5":[21,11],"6":[8,2],"7":[10,6]},"_coverageSchema":"1a1c01bbd47fc00a2c39e90264f33305004495a9","hash":"f19492ee5cb5acbaf850f1d350e50d00d1f60972"}
}
