TN:
SF:src/index.ts
FN:18,(anonymous_0)
FN:27,(anonymous_1)
FN:45,(anonymous_2)
FN:48,(anonymous_3)
FN:57,(anonymous_4)
FNF:5
FNH:5
FNDA:8,(anonymous_0)
FNDA:24,(anonymous_1)
FNDA:6,(anonymous_2)
FNDA:16,(anonymous_3)
FNDA:16,(anonymous_4)
DA:18,1
DA:19,8
DA:27,1
DA:28,24
DA:29,3
DA:32,21
DA:34,21
DA:35,11
DA:38,10
DA:40,10
DA:41,8
DA:44,10
DA:45,10
DA:46,10
DA:49,16
DA:50,16
DA:51,10
DA:54,6
DA:55,6
DA:58,16
DA:59,16
LF:21
LH:21
BRDA:18,0,0,6
BRDA:23,1,0,1
BRDA:23,1,1,7
BRDA:27,2,0,0
BRDA:28,3,0,3
BRDA:28,3,1,21
BRDA:34,4,0,11
BRDA:34,4,1,10
BRDA:34,5,0,21
BRDA:34,5,1,11
BRDA:40,6,0,8
BRDA:40,6,1,2
BRDA:50,7,0,10
BRDA:50,7,1,6
BRF:14
BRH:13
end_of_record
